<?xml version="1.0" encoding="UTF-8"?>
<!-- Generated by org.testng.reporters.JUnitReportReporter -->
<testsuite hostname="Ayushdhardwivedi" failures="0" tests="1" name="lambda.InputFormSubmitTest" time="15.633" errors="0" timestamp="2025-02-27T23:36:06 IST" skipped="0">
  <testcase classname="lambda.InputFormSubmitTest" name="TestScenario3" time="15.633"/>
</testsuite> <!-- lambda.InputFormSubmitTest -->
