<?xml version="1.0" encoding="UTF-8"?>
<!-- Generated by org.testng.reporters.JUnitReportReporter -->
<testsuite hostname="Ayushdhardwivedi" failures="0" tests="1" name="lambda.DragDropSliderTest" time="17.328" errors="0" timestamp="2025-02-22T03:38:51 IST" skipped="0">
  <testcase classname="lambda.DragDropSliderTest" name="TestScenario2" time="17.328"/>
</testsuite> <!-- lambda.DragDropSliderTest -->
