<?xml version="1.0" encoding="UTF-8"?>
<!-- Generated by org.testng.reporters.JUnitReportReporter -->
<testsuite hostname="Ayushdhardwivedi" failures="0" tests="1" name="lambda.InputFormSubmitTest" time="17.324" errors="0" timestamp="2025-02-26T00:41:27 IST" skipped="0">
  <testcase classname="lambda.InputFormSubmitTest" name="TestScenario3" time="17.324"/>
</testsuite> <!-- lambda.InputFormSubmitTest -->
