<?xml version="1.0" encoding="UTF-8"?>
<!-- Generated by org.testng.reporters.JUnitReportReporter -->
<testsuite hostname="Ayushdhardwivedi" failures="0" tests="1" name="lambda.SimpleFormDemoclass" time="14.448" errors="0" timestamp="2025-02-27T23:33:49 IST" skipped="0">
  <testcase classname="lambda.SimpleFormDemoclass" name="testSimpleFormDemo" time="14.448"/>
</testsuite> <!-- lambda.SimpleFormDemoclass -->
