<?xml version="1.0" encoding="UTF-8"?>
<!-- Generated by org.testng.reporters.JUnitReportReporter -->
<testsuite hostname="Ayushdhardwivedi" failures="0" tests="1" name="lambda.DragDropSliderTest" time="18.346" errors="0" timestamp="2025-02-27T23:16:14 IST" skipped="0">
  <testcase classname="lambda.DragDropSliderTest" name="TestScenario2" time="18.346"/>
</testsuite> <!-- lambda.DragDropSliderTest -->
