<?xml version="1.0" encoding="UTF-8"?>
<!-- Generated by org.testng.reporters.JUnitReportReporter -->
<testsuite hostname="Ayushdhardwivedi" failures="0" tests="1" name="lambda.SimpleFormDemoclass" time="12.073" errors="0" timestamp="2025-02-22T03:28:10 IST" skipped="0">
  <testcase classname="lambda.SimpleFormDemoclass" name="testSimpleFormDemo" time="12.073"/>
</testsuite> <!-- lambda.SimpleFormDemoclass -->
