<?xml version="1.0" encoding="UTF-8"?>
<!-- Generated by org.testng.reporters.JUnitReportReporter -->
<testsuite hostname="ayushdhardw-lambdatest0-sqdeabues08" failures="0" tests="1" name="lambda.InputFormSubmitTest" time="10.746" errors="0" timestamp="2025-02-27T18:24:00 UTC" skipped="0">
  <testcase classname="lambda.InputFormSubmitTest" name="TestScenario3" time="10.746"/>
</testsuite> <!-- lambda.InputFormSubmitTest -->
